#
# A fatal error has been detected by the Java Runtime Environment:
#
#  EXCEPTION_UNCAUGHT_CXX_EXCEPTION (0xe06d7363) at pc=0x000007fefcf9a06d, pid=4512, tid=7016
#
# JRE version: 7.0_17-b02
# Java VM: Java HotSpot(TM) 64-Bit Server VM (23.7-b01 mixed mode windows-amd64 compressed oops)
# Problematic frame:
# C  [KERNELBASE.dll+0x1a06d]
#
# Failed to write core dump. Minidumps are not enabled by default on client versions of Windows
#
# If you would like to submit a bug report, please visit:
#   http://bugreport.sun.com/bugreport/crash.jsp
# The crash happened outside the Java Virtual Machine in native code.
# See problematic frame for where to report the bug.
#

---------------  T H R E A D  ---------------

Current thread (0x000000000037f000):  JavaThread "main" [_thread_in_native, id=7016, stack(0x0000000002480000,0x0000000002580000)]

siginfo: ExceptionCode=0xe06d7363, ExceptionInformation=0x0000000019930520 0x000000000257ed10 0x0000000180034cf0 0x0000000180000000 

Registers:
RAX=0x00000000753bb7d7, RBX=0x0000000180034cf0, RCX=0x000000000257e5a0, RDX=0x00000000000000d0
RSP=0x000000000257ebb0, RBP=0x0000000022dfc990, RSI=0x000000000001d2f2, RDI=0x0000000180037910
R8 =0x0000000000000000, R9 =0x0000000000000000, R10=0x0000000180000000, R11=0x000000000257ebf0
R12=0x0000000000000400, R13=0xffffffffffffffff, R14=0x0000000000000002, R15=0x000000000037f000
RIP=0x000007fefcf9a06d, EFLAGS=0x0000000000000206

Top of Stack: (sp=0x000000000257ebb0)
0x000000000257ebb0:   0000000180034cf0 000000000001d2f2
0x000000000257ebc0:   0000000180037910 00000000000e97a0
0x000000000257ebd0:   00000001e06d7363 0000000000000000
0x000000000257ebe0:   000007fefcf9a06d 0000000100000004
0x000000000257ebf0:   0000000019930520 000000000257ed10
0x000000000257ec00:   0000000180034cf0 0000000180000000
0x000000000257ec10:   0000000000000000 000000000257ec98
0x000000000257ec20:   0000000000000000 0000000000000ff8
0x000000000257ec30:   00000000004481d0 0000000180018b48
0x000000000257ec40:   000000000000087f 00000000188e731f
0x000000000257ec50:   0000000000000002 ffffffffffffffff
0x000000000257ec60:   0000000000000400 0000000180037910
0x000000000257ec70:   000000000001d2f2 0000000180017704
0x000000000257ec80:   0000000180034cf0 000000000257ecf0
0x000000000257ec90:   0000000000000001 00000001800000e8
0x000000000257eca0:   00000001e06d7363 0000000000000000 

Instructions: (pc=0x000007fefcf9a06d)
0x000007fefcf9a04d:   54 24 24 48 89 4c 24 28 4d 85 c9 0f 85 6a 03 00
0x000007fefcf9a05d:   00 89 4c 24 38 48 8d 4c 24 20 ff 15 33 02 03 00
0x000007fefcf9a06d:   48 81 c4 c8 00 00 00 c3 90 90 90 90 90 90 90 90
0x000007fefcf9a07d:   90 90 90 48 83 ec 28 65 48 8b 04 25 30 00 00 00 


Register to memory mapping:

RAX=0x00000000753bb7d7 is an unknown value
RBX=0x0000000180034cf0 is an unknown value
RCX=0x000000000257e5a0 is pointing into the stack for thread: 0x000000000037f000
RDX=0x00000000000000d0 is an unknown value
RSP=0x000000000257ebb0 is pointing into the stack for thread: 0x000000000037f000
RBP=0x0000000022dfc990 is an unknown value
RSI=0x000000000001d2f2 is an unknown value
RDI=0x0000000180037910 is an unknown value
R8 =0x0000000000000000 is an unknown value
R9 =0x0000000000000000 is an unknown value
R10=0x0000000180000000 is an unknown value
R11=0x000000000257ebf0 is pointing into the stack for thread: 0x000000000037f000
R12=0x0000000000000400 is an unknown value
R13=0xffffffffffffffff is an unknown value
R14=0x0000000000000002 is an unknown value
R15=0x000000000037f000 is a thread


Stack: [0x0000000002480000,0x0000000002580000],  sp=0x000000000257ebb0,  free space=1018k
Native frames: (J=compiled Java code, j=interpreted, Vv=VM code, C=native code)
C  [KERNELBASE.dll+0x1a06d]

Java frames: (J=compiled Java code, j=interpreted, Vv=VM code)
J  ICTCLAS.I3S.AC.ICTCLAS50.ICTCLAS_Init([B)Z
J  com.retrieve.util.OilRuleExtract.read_WriteDic(Ljava/lang/String;Ljava/lang/String;Z)V
j  com.retrieve.util.OilRuleExtract.main([Ljava/lang/String;)V+5
v  ~StubRoutines::call_stub

---------------  P R O C E S S  ---------------

Java Threads: ( => current thread )
  0x0000000008ac7000 JavaThread "Service Thread" daemon [_thread_blocked, id=1344, stack(0x000000000a4e0000,0x000000000a5e0000)]
  0x0000000008ac3000 JavaThread "C2 CompilerThread1" daemon [_thread_blocked, id=5196, stack(0x000000000a260000,0x000000000a360000)]
  0x0000000008ab0000 JavaThread "C2 CompilerThread0" daemon [_thread_blocked, id=5592, stack(0x000000000a090000,0x000000000a190000)]
  0x0000000008aaf000 JavaThread "Attach Listener" daemon [_thread_blocked, id=3532, stack(0x0000000009f80000,0x000000000a080000)]
  0x0000000008aa8000 JavaThread "Signal Dispatcher" daemon [_thread_blocked, id=2776, stack(0x0000000009e10000,0x0000000009f10000)]
  0x00000000005f9800 JavaThread "Finalizer" daemon [_thread_blocked, id=6748, stack(0x0000000009c60000,0x0000000009d60000)]
  0x00000000005f2800 JavaThread "Reference Handler" daemon [_thread_blocked, id=4748, stack(0x0000000009920000,0x0000000009a20000)]
=>0x000000000037f000 JavaThread "main" [_thread_in_native, id=7016, stack(0x0000000002480000,0x0000000002580000)]

Other Threads:
  0x0000000008a03800 VMThread [stack: 0x0000000009ab0000,0x0000000009bb0000] [id=4248]
  0x0000000008aef800 WatcherThread [stack: 0x000000000a360000,0x000000000a460000] [id=6508]

VM state:not at safepoint (normal execution)

VM Mutex/Monitor currently owned by a thread: None

Heap
 PSYoungGen      total 17152K, used 13888K [0x00000000ece00000, 0x00000000ee120000, 0x0000000100000000)
  eden space 14720K, 94% used [0x00000000ece00000,0x00000000edb90278,0x00000000edc60000)
  from space 2432K, 0% used [0x00000000edec0000,0x00000000edec0000,0x00000000ee120000)
  to   space 2432K, 0% used [0x00000000edc60000,0x00000000edc60000,0x00000000edec0000)
 ParOldGen       total 39168K, used 0K [0x00000000c6a00000, 0x00000000c9040000, 0x00000000ece00000)
  object space 39168K, 0% used [0x00000000c6a00000,0x00000000c6a00000,0x00000000c9040000)
 PSPermGen       total 21248K, used 2618K [0x00000000c1800000, 0x00000000c2cc0000, 0x00000000c6a00000)
  object space 21248K, 12% used [0x00000000c1800000,0x00000000c1a8e878,0x00000000c2cc0000)

Card table byte_map: [0x0000000005720000,0x0000000005920000] byte_map_base: 0x0000000005114000

Polling page: 0x0000000000320000

Code Cache  [0x0000000002660000, 0x00000000028d0000, 0x0000000005660000)
 total_blobs=289 nmethods=107 adapters=134 free_code_cache=48562Kb largest_free_block=49701120

Compilation events (10 events):
Event: 173.811 Thread 0x0000000008ac3000 nmethod 101 0x00000000026ec190 code [0x00000000026ec2e0, 0x00000000026ec468]
Event: 173.811 Thread 0x0000000008ac3000  103             java.io.FileOutputStream::write (12 bytes)
Event: 173.811 Thread 0x0000000008ac3000 nmethod 103 0x00000000026e13d0 code [0x00000000026e1520, 0x00000000026e15a8]
Event: 173.811 Thread 0x0000000008ac3000  105             java.nio.Buffer::clear (20 bytes)
Event: 173.811 Thread 0x0000000008ac3000 nmethod 105 0x00000000026cd9d0 code [0x00000000026cdb00, 0x00000000026cdb58]
Event: 173.811 Thread 0x0000000008ac3000  106             java.io.OutputStream::flush (1 bytes)
Event: 173.811 Thread 0x0000000008ac3000 nmethod 106 0x00000000026ef350 code [0x00000000026ef480, 0x00000000026ef4d8]
Event: 173.812 Thread 0x0000000008ab0000 nmethod 102 0x00000000026f4b90 code [0x00000000026f4ce0, 0x00000000026f4e68]
Event: 257.903 Thread 0x0000000008ac3000    1 % !         com.retrieve.util.OilRuleExtract::read_WriteDic @ 70 (283 bytes)
Event: 258.006 Thread 0x0000000008ac3000 nmethod 1% 0x00000000026f7710 code [0x00000000026f7ae0, 0x00000000026f89c8]

GC Heap History (0 events):
No events

Deoptimization events (0 events):
No events

Internal exceptions (5 events):
Event: 0.152 Thread 0x000000000037f000 Threw 0x00000000ece061a8 at C:\jdk7u2_64p\jdk7u17\hotspot\src\share\vm\prims\jni.cpp:3994
Event: 0.422 Thread 0x000000000037f000 Threw 0x00000000eceac9a0 at C:\jdk7u2_64p\jdk7u17\hotspot\src\share\vm\prims\jvm.cpp:1166
Event: 0.469 Thread 0x000000000037f000 Threw 0x00000000ecec2da8 at C:\jdk7u2_64p\jdk7u17\hotspot\src\share\vm\prims\jvm.cpp:1166
Event: 0.471 Thread 0x000000000037f000 Threw 0x00000000ecec55c0 at C:\jdk7u2_64p\jdk7u17\hotspot\src\share\vm\prims\jvm.cpp:1166
Event: 0.477 Thread 0x000000000037f000 Threw 0x00000000ecec7980 at C:\jdk7u2_64p\jdk7u17\hotspot\src\share\vm\prims\jvm.cpp:1166

Events (10 events):
Event: 0.471 loading class 0x000000000a63bbf0
Event: 0.471 loading class 0x000000000a63bbf0 done
Event: 0.477 loading class 0x000000000a63bd10
Event: 0.477 loading class 0x000000000a63bd10 done
Event: 0.478 loading class 0x00000000005bd0d0
Event: 0.478 loading class 0x00000000005bd0d0 done
Event: 0.489 loading class 0x000000000a63c100
Event: 0.520 loading class 0x000000000a63c100 done
Event: 4.400 Executing VM operation: EnableBiasedLocking
Event: 4.400 Executing VM operation: EnableBiasedLocking done


Dynamic libraries:
0x000000013fee0000 - 0x000000013ff13000 	F:\InstallationPackage\JDK\jdk1.7x64\bin\javaw.exe
0x0000000076f80000 - 0x000000007712a000 	C:\Windows\SYSTEM32\ntdll.dll
0x0000000076e60000 - 0x0000000076f7f000 	C:\Windows\system32\kernel32.dll
0x000007fefcf80000 - 0x000007fefcfea000 	C:\Windows\system32\KERNELBASE.dll
0x000007fefeb30000 - 0x000007fefec0b000 	C:\Windows\system32\ADVAPI32.dll
0x000007fefe530000 - 0x000007fefe5cf000 	C:\Windows\system32\msvcrt.dll
0x000007fefd410000 - 0x000007fefd42f000 	C:\Windows\SYSTEM32\sechost.dll
0x000007fefe400000 - 0x000007fefe52d000 	C:\Windows\system32\RPCRT4.dll
0x0000000076d60000 - 0x0000000076e5a000 	C:\Windows\system32\USER32.dll
0x000007fefd340000 - 0x000007fefd3a7000 	C:\Windows\system32\GDI32.dll
0x000007fefed10000 - 0x000007fefed1e000 	C:\Windows\system32\LPK.dll
0x000007fefec10000 - 0x000007fefecdb000 	C:\Windows\system32\USP10.dll
0x000007fefb610000 - 0x000007fefb804000 	C:\Windows\WinSxS\amd64_microsoft.windows.common-controls_6595b64144ccf1df_6.0.7601.18837_none_fa3b1e3d17594757\COMCTL32.dll
0x000007fefd4b0000 - 0x000007fefd521000 	C:\Windows\system32\SHLWAPI.dll
0x000007fefece0000 - 0x000007fefed0e000 	C:\Windows\system32\IMM32.DLL
0x000007fefd530000 - 0x000007fefd639000 	C:\Windows\system32\MSCTF.dll
0x000007fefce50000 - 0x000007fefce81000 	C:\Windows\system32\nvinitx.dll
0x000007fefce40000 - 0x000007fefce4c000 	C:\Windows\system32\VERSION.dll
0x000000000f000000 - 0x000000000f006000 	C:\Program Files\NVIDIA Corporation\CoProcManager\detoured.dll
0x000007fef9860000 - 0x000007fef9892000 	C:\Program Files\NVIDIA Corporation\CoProcManager\nvd3d9wrapx.dll
0x000007fefe5d0000 - 0x000007fefe7a7000 	C:\Windows\system32\SETUPAPI.dll
0x000007fefd240000 - 0x000007fefd276000 	C:\Windows\system32\CFGMGR32.dll
0x000007fefef50000 - 0x000007feff02a000 	C:\Windows\system32\OLEAUT32.dll
0x000007fefe930000 - 0x000007fefeb2c000 	C:\Windows\system32\ole32.dll
0x000007fefd280000 - 0x000007fefd29a000 	C:\Windows\system32\DEVOBJ.dll
0x000007fef9830000 - 0x000007fef9852000 	C:\Program Files\NVIDIA Corporation\CoProcManager\nvdxgiwrapx.dll
0x0000000068420000 - 0x00000000684f1000 	F:\InstallationPackage\JDK\jdk1.7x64\jre\bin\msvcr100.dll
0x0000000065900000 - 0x000000006601f000 	F:\InstallationPackage\JDK\jdk1.7x64\jre\bin\server\jvm.dll
0x000007fefac60000 - 0x000007fefac69000 	C:\Windows\system32\WSOCK32.dll
0x000007fefe7b0000 - 0x000007fefe7fd000 	C:\Windows\system32\WS2_32.dll
0x000007fefd660000 - 0x000007fefd668000 	C:\Windows\system32\NSI.dll
0x000007fefaff0000 - 0x000007fefb02b000 	C:\Windows\system32\WINMM.dll
0x0000000077140000 - 0x0000000077147000 	C:\Windows\system32\PSAPI.DLL
0x00000000739d0000 - 0x00000000739df000 	F:\InstallationPackage\JDK\jdk1.7x64\jre\bin\verify.dll
0x0000000073800000 - 0x0000000073828000 	F:\InstallationPackage\JDK\jdk1.7x64\jre\bin\java.dll
0x000000006a5d0000 - 0x000000006a5e5000 	F:\InstallationPackage\JDK\jdk1.7x64\jre\bin\zip.dll
0x0000000180000000 - 0x0000000180041000 	C:\Users\Administrator\myeclipseProject\mySpace2\my_retrieve\ICTCLAS50.dll
0x000007fefab00000 - 0x000007fefab27000 	C:\Windows\system32\iphlpapi.dll
0x000007fefaae0000 - 0x000007fefaaeb000 	C:\Windows\system32\WINNSI.DLL
0x000007fef54d0000 - 0x000007fef55f5000 	C:\Windows\system32\dbghelp.dll

VM Arguments:
jvm_args: -Dfile.encoding=UTF-8 
java_command: com.retrieve.util.OilRuleExtract
Launcher Type: SUN_STANDARD

Environment Variables:
JAVA_HOME=F:\InstallationPackage\JDK\jdk1.8x64\jdk1.8x64Run
CLASSPATH=.;F:\InstallationPackage\JDK\jdk1.8x64\jdk1.8x64Run\lib;F:\InstallationPackage\JDK\jdk1.8x64\jdk1.8x64Run\lib\tools.jar
PATH=F:\InstallationPackage\JDK\jdk1.8x64\jdk1.8x64Run\bin;F:\InstallationPackage\JDK\jdk1.8x64\jdk1.8x64Run\jre\bin;C:\Windows\system32;C:\Windows;C:\Windows\System32\Wbem;C:\Windows\System32\WindowsPowerShell\v1.0\;ATALINA_HOME\lib;ATALINA_HOME\bin;C:\Program Files (x86)\Microsoft SQL Server\100\Tools\Binn\;C:\Program Files\Microsoft SQL Server\100\Tools\Binn\;C:\Program Files\Microsoft SQL Server\100\DTS\Binn\;C:\Program Files (x86)\Microsoft SQL Server\100\Tools\Binn\VSShell\Common7\IDE\;C:\Program Files (x86)\Microsoft Visual Studio 9.0\Common7\IDE\PrivateAssemblies\;C:\Program Files (x86)\Microsoft SQL Server\100\DTS\Binn\;C:\Program Files\Git\cmd;C:\Program Files\TortoiseGit\bin;C:\Users\Administrator\AppData\Local\Android\sdk\tools;C:\Users\Administrator\AppData\Local\Android\sdk\platform-tools;C:\Users\Administrator\AppData\Local\Programs\Python\Python36\Scripts\;C:\Users\Administrator\AppData\Local\Programs\Python\Python36\
USERNAME=Administrator
OS=Windows_NT
PROCESSOR_IDENTIFIER=Intel64 Family 6 Model 42 Stepping 7, GenuineIntel



---------------  S Y S T E M  ---------------

OS: Windows 7 , 64 bit Build 7601 Service Pack 1

CPU:total 4 (2 cores per cpu, 2 threads per core) family 6 model 42 stepping 7, cmov, cx8, fxsr, mmx, sse, sse2, sse3, ssse3, sse4.1, sse4.2, popcnt, avx, ht, tsc, tscinvbit

Memory: 4k page, physical 3756084k(123052k free), swap 15022476k(6932k free)

vm_info: Java HotSpot(TM) 64-Bit Server VM (23.7-b01) for windows-amd64 JRE (1.7.0_17-b02), built on Mar  1 2013 03:38:30 by "java_re" with unknown MS VC++:1600

time: Mon Dec 11 21:28:50 2017
elapsed time: 376 seconds

