#
# A fatal error has been detected by the Java Runtime Environment:
#
#  EXCEPTION_UNCAUGHT_CXX_EXCEPTION (0xe06d7363) at pc=0x000007fefcffa06d, pid=6672, tid=4660
#
# JRE version: 7.0_17-b02
# Java VM: Java HotSpot(TM) 64-Bit Server VM (23.7-b01 mixed mode windows-amd64 compressed oops)
# Problematic frame:
# C  [KERNELBASE.dll+0x1a06d]
#
# Failed to write core dump. Minidumps are not enabled by default on client versions of Windows
#
# If you would like to submit a bug report, please visit:
#   http://bugreport.sun.com/bugreport/crash.jsp
# The crash happened outside the Java Virtual Machine in native code.
# See problematic frame for where to report the bug.
#

---------------  T H R E A D  ---------------

Current thread (0x00000000005ff000):  JavaThread "main" [_thread_in_native, id=4660, stack(0x0000000002610000,0x0000000002710000)]

siginfo: ExceptionCode=0xe06d7363, ExceptionInformation=0x0000000019930520 0x000000000270ec40 0x0000000180034cf0 0x0000000180000000 

Registers:
RAX=0x0000000075b53a8c, RBX=0x0000000180034cf0, RCX=0x000000000270e4d0, RDX=0x00000000000000d0
RSP=0x000000000270eae0, RBP=0x0000000023dcc840, RSI=0x000000000001d2f2, RDI=0x0000000180037910
R8 =0x0000000000000000, R9 =0x0000000000000000, R10=0x0000000180000000, R11=0x000000000270eb20
R12=0x0000000000000400, R13=0xffffffffffffffff, R14=0x0000000000000002, R15=0x00000000005ff000
RIP=0x000007fefcffa06d, EFLAGS=0x0000000000000202

Top of Stack: (sp=0x000000000270eae0)
0x000000000270eae0:   0000000180034cf0 000000000001d2f2
0x000000000270eaf0:   0000000180037910 00000000000e97a0
0x000000000270eb00:   00000001e06d7363 0000000000000000
0x000000000270eb10:   000007fefcffa06d 0000000100000004
0x000000000270eb20:   0000000019930520 000000000270ec40
0x000000000270eb30:   0000000180034cf0 0000000180000000
0x000000000270eb40:   0000000000000000 000000000270ebc8
0x000000000270eb50:   0000000000000000 0000000000000ff8
0x000000000270eb60:   00000000004081d0 0000000180018b48
0x000000000270eb70:   000000000000087f 000000001d6e759c
0x000000000270eb80:   0000000000000002 ffffffffffffffff
0x000000000270eb90:   0000000000000400 0000000180037910
0x000000000270eba0:   000000000001d2f2 0000000180017704
0x000000000270ebb0:   0000000180034cf0 000000000270ec20
0x000000000270ebc0:   0000000000000001 00000001800000e8
0x000000000270ebd0:   00000001e06d7363 0000000000000000 

Instructions: (pc=0x000007fefcffa06d)
0x000007fefcffa04d:   54 24 24 48 89 4c 24 28 4d 85 c9 0f 85 6a 03 00
0x000007fefcffa05d:   00 89 4c 24 38 48 8d 4c 24 20 ff 15 33 02 03 00
0x000007fefcffa06d:   48 81 c4 c8 00 00 00 c3 90 90 90 90 90 90 90 90
0x000007fefcffa07d:   90 90 90 48 83 ec 28 65 48 8b 04 25 30 00 00 00 


Register to memory mapping:

RAX=0x0000000075b53a8c is an unknown value
RBX=0x0000000180034cf0 is an unknown value
RCX=0x000000000270e4d0 is pointing into the stack for thread: 0x00000000005ff000
RDX=0x00000000000000d0 is an unknown value
RSP=0x000000000270eae0 is pointing into the stack for thread: 0x00000000005ff000
RBP=0x0000000023dcc840 is an unknown value
RSI=0x000000000001d2f2 is an unknown value
RDI=0x0000000180037910 is an unknown value
R8 =0x0000000000000000 is an unknown value
R9 =0x0000000000000000 is an unknown value
R10=0x0000000180000000 is an unknown value
R11=0x000000000270eb20 is pointing into the stack for thread: 0x00000000005ff000
R12=0x0000000000000400 is an unknown value
R13=0xffffffffffffffff is an unknown value
R14=0x0000000000000002 is an unknown value
R15=0x00000000005ff000 is a thread


Stack: [0x0000000002610000,0x0000000002710000],  sp=0x000000000270eae0,  free space=1018k
Native frames: (J=compiled Java code, j=interpreted, Vv=VM code, C=native code)
C  [KERNELBASE.dll+0x1a06d]

Java frames: (J=compiled Java code, j=interpreted, Vv=VM code)
J  ICTCLAS.I3S.AC.ICTCLAS50.ICTCLAS_Init([B)Z
J  com.retrieve.util.OilRuleExtract.read_WriteDic(Ljava/lang/String;Ljava/lang/String;Z)V
j  com.retrieve.util.OilRuleExtract.main([Ljava/lang/String;)V+5
v  ~StubRoutines::call_stub

---------------  P R O C E S S  ---------------

Java Threads: ( => current thread )
  0x0000000008c04000 JavaThread "Service Thread" daemon [_thread_blocked, id=1684, stack(0x000000000a630000,0x000000000a730000)]
  0x0000000008c02800 JavaThread "C2 CompilerThread1" daemon [_thread_blocked, id=4480, stack(0x000000000a4d0000,0x000000000a5d0000)]
  0x0000000008bfd800 JavaThread "C2 CompilerThread0" daemon [_thread_blocked, id=4004, stack(0x000000000a290000,0x000000000a390000)]
  0x0000000008bfc000 JavaThread "Attach Listener" daemon [_thread_blocked, id=6852, stack(0x000000000a0b0000,0x000000000a1b0000)]
  0x0000000008bf5000 JavaThread "Signal Dispatcher" daemon [_thread_blocked, id=4388, stack(0x0000000009f30000,0x000000000a030000)]
  0x0000000002526000 JavaThread "Finalizer" daemon [_thread_blocked, id=6688, stack(0x0000000009d40000,0x0000000009e40000)]
  0x000000000251f000 JavaThread "Reference Handler" daemon [_thread_blocked, id=6976, stack(0x0000000009b20000,0x0000000009c20000)]
=>0x00000000005ff000 JavaThread "main" [_thread_in_native, id=4660, stack(0x0000000002610000,0x0000000002710000)]

Other Threads:
  0x0000000008b52800 VMThread [stack: 0x0000000009a10000,0x0000000009b10000] [id=7092]
  0x0000000008c2d000 WatcherThread [stack: 0x000000000abd0000,0x000000000acd0000] [id=5644]

VM state:not at safepoint (normal execution)

VM Mutex/Monitor currently owned by a thread: None

Heap
 PSYoungGen      total 17152K, used 14477K [0x00000000ece00000, 0x00000000ee120000, 0x0000000100000000)
  eden space 14720K, 98% used [0x00000000ece00000,0x00000000edc234d0,0x00000000edc60000)
  from space 2432K, 0% used [0x00000000edec0000,0x00000000edec0000,0x00000000ee120000)
  to   space 2432K, 0% used [0x00000000edc60000,0x00000000edc60000,0x00000000edec0000)
 ParOldGen       total 39168K, used 0K [0x00000000c6a00000, 0x00000000c9040000, 0x00000000ece00000)
  object space 39168K, 0% used [0x00000000c6a00000,0x00000000c6a00000,0x00000000c9040000)
 PSPermGen       total 21248K, used 2616K [0x00000000c1800000, 0x00000000c2cc0000, 0x00000000c6a00000)
  object space 21248K, 12% used [0x00000000c1800000,0x00000000c1a8e228,0x00000000c2cc0000)

Card table byte_map: [0x0000000005710000,0x0000000005910000] byte_map_base: 0x0000000005104000

Polling page: 0x0000000000120000

Code Cache  [0x0000000002710000, 0x0000000002980000, 0x0000000005710000)
 total_blobs=289 nmethods=107 adapters=134 free_code_cache=48562Kb largest_free_block=49699008

Compilation events (10 events):
Event: 174.801 Thread 0x0000000008c02800 nmethod 101 0x00000000027a5390 code [0x00000000027a54e0, 0x00000000027a5668]
Event: 174.802 Thread 0x0000000008c02800  103             java.io.FileOutputStream::write (12 bytes)
Event: 174.802 Thread 0x0000000008c02800 nmethod 103 0x000000000278f310 code [0x000000000278f460, 0x000000000278f4e8]
Event: 174.802 Thread 0x0000000008c02800  105             java.nio.Buffer::clear (20 bytes)
Event: 174.802 Thread 0x0000000008c02800 nmethod 105 0x000000000279b350 code [0x000000000279b480, 0x000000000279b4d8]
Event: 174.802 Thread 0x0000000008c02800  106             java.io.OutputStream::flush (1 bytes)
Event: 174.802 Thread 0x0000000008c02800 nmethod 106 0x000000000279b150 code [0x000000000279b280, 0x000000000279b2d8]
Event: 174.803 Thread 0x0000000008bfd800 nmethod 102 0x000000000279d550 code [0x000000000279d6a0, 0x000000000279d828]
Event: 270.114 Thread 0x0000000008c02800    1 % !         com.retrieve.util.OilRuleExtract::read_WriteDic @ 70 (283 bytes)
Event: 270.433 Thread 0x0000000008c02800 nmethod 1% 0x00000000027a7f50 code [0x00000000027a8320, 0x00000000027a9208]

GC Heap History (0 events):
No events

Deoptimization events (0 events):
No events

Internal exceptions (5 events):
Event: 0.025 Thread 0x00000000005ff000 Threw 0x00000000ece061a8 at C:\jdk7u2_64p\jdk7u17\hotspot\src\share\vm\prims\jni.cpp:3994
Event: 0.091 Thread 0x00000000005ff000 Threw 0x00000000eceac9a0 at C:\jdk7u2_64p\jdk7u17\hotspot\src\share\vm\prims\jvm.cpp:1166
Event: 0.122 Thread 0x00000000005ff000 Threw 0x00000000ecec1ba8 at C:\jdk7u2_64p\jdk7u17\hotspot\src\share\vm\prims\jvm.cpp:1166
Event: 0.123 Thread 0x00000000005ff000 Threw 0x00000000ecec43c0 at C:\jdk7u2_64p\jdk7u17\hotspot\src\share\vm\prims\jvm.cpp:1166
Event: 0.129 Thread 0x00000000005ff000 Threw 0x00000000ecec6780 at C:\jdk7u2_64p\jdk7u17\hotspot\src\share\vm\prims\jvm.cpp:1166

Events (10 events):
Event: 0.123 loading class 0x000000000a743720
Event: 0.123 loading class 0x000000000a743720 done
Event: 0.129 loading class 0x000000000a743840
Event: 0.129 loading class 0x000000000a743840 done
Event: 0.131 loading class 0x00000000024e9600
Event: 0.131 loading class 0x00000000024e9600 done
Event: 0.140 loading class 0x000000000a743c30
Event: 0.175 loading class 0x000000000a743c30 done
Event: 4.104 Executing VM operation: EnableBiasedLocking
Event: 4.104 Executing VM operation: EnableBiasedLocking done


Dynamic libraries:
0x000000013f470000 - 0x000000013f4a3000 	F:\InstallationPackage\JDK\jdk1.7x64\bin\javaw.exe
0x0000000077020000 - 0x00000000771ca000 	C:\Windows\SYSTEM32\ntdll.dll
0x0000000076f00000 - 0x000000007701f000 	C:\Windows\system32\kernel32.dll
0x000007fefcfe0000 - 0x000007fefd04a000 	C:\Windows\system32\KERNELBASE.dll
0x000007fefe3e0000 - 0x000007fefe4bb000 	C:\Windows\system32\ADVAPI32.dll
0x000007fefe340000 - 0x000007fefe3df000 	C:\Windows\system32\msvcrt.dll
0x000007fefed90000 - 0x000007fefedaf000 	C:\Windows\SYSTEM32\sechost.dll
0x000007feff050000 - 0x000007feff17d000 	C:\Windows\system32\RPCRT4.dll
0x0000000076e00000 - 0x0000000076efa000 	C:\Windows\system32\USER32.dll
0x000007fefedb0000 - 0x000007fefee17000 	C:\Windows\system32\GDI32.dll
0x000007fefeac0000 - 0x000007fefeace000 	C:\Windows\system32\LPK.dll
0x000007feff180000 - 0x000007feff24b000 	C:\Windows\system32\USP10.dll
0x000007fefa9f0000 - 0x000007fefabe4000 	C:\Windows\WinSxS\amd64_microsoft.windows.common-controls_6595b64144ccf1df_6.0.7601.18837_none_fa3b1e3d17594757\COMCTL32.dll
0x000007feff2b0000 - 0x000007feff321000 	C:\Windows\system32\SHLWAPI.dll
0x000007fefe6a0000 - 0x000007fefe6ce000 	C:\Windows\system32\IMM32.DLL
0x000007fefe9b0000 - 0x000007fefeab9000 	C:\Windows\system32\MSCTF.dll
0x000007fefcef0000 - 0x000007fefcf21000 	C:\Windows\system32\nvinitx.dll
0x000007fefcee0000 - 0x000007fefceec000 	C:\Windows\system32\VERSION.dll
0x000000000f000000 - 0x000000000f006000 	C:\Program Files\NVIDIA Corporation\CoProcManager\detoured.dll
0x000007fef6ee0000 - 0x000007fef6f12000 	C:\Program Files\NVIDIA Corporation\CoProcManager\nvd3d9wrapx.dll
0x000007fefee20000 - 0x000007fefeff7000 	C:\Windows\system32\SETUPAPI.dll
0x000007fefd0b0000 - 0x000007fefd0e6000 	C:\Windows\system32\CFGMGR32.dll
0x000007fefd340000 - 0x000007fefd41a000 	C:\Windows\system32\OLEAUT32.dll
0x000007fefeb90000 - 0x000007fefed8c000 	C:\Windows\system32\ole32.dll
0x000007fefd050000 - 0x000007fefd06a000 	C:\Windows\system32\DEVOBJ.dll
0x000007fef6b40000 - 0x000007fef6b62000 	C:\Program Files\NVIDIA Corporation\CoProcManager\nvdxgiwrapx.dll
0x0000000072bf0000 - 0x0000000072cc1000 	F:\InstallationPackage\JDK\jdk1.7x64\jre\bin\msvcr100.dll
0x000000005de90000 - 0x000000005e5af000 	F:\InstallationPackage\JDK\jdk1.7x64\jre\bin\server\jvm.dll
0x000007fefbbd0000 - 0x000007fefbbd9000 	C:\Windows\system32\WSOCK32.dll
0x000007feff000000 - 0x000007feff04d000 	C:\Windows\system32\WS2_32.dll
0x000007fefe4c0000 - 0x000007fefe4c8000 	C:\Windows\system32\NSI.dll
0x000007fefa4d0000 - 0x000007fefa50b000 	C:\Windows\system32\WINMM.dll
0x00000000771e0000 - 0x00000000771e7000 	C:\Windows\system32\PSAPI.DLL
0x0000000073ac0000 - 0x0000000073acf000 	F:\InstallationPackage\JDK\jdk1.7x64\jre\bin\verify.dll
0x0000000072bc0000 - 0x0000000072be8000 	F:\InstallationPackage\JDK\jdk1.7x64\jre\bin\java.dll
0x0000000073aa0000 - 0x0000000073ab5000 	F:\InstallationPackage\JDK\jdk1.7x64\jre\bin\zip.dll
0x0000000180000000 - 0x0000000180041000 	C:\Users\Administrator\myeclipseProject\mySpace2\my_retrieve\ICTCLAS50.dll
0x000007fefb900000 - 0x000007fefb927000 	C:\Windows\system32\iphlpapi.dll
0x000007fefb8f0000 - 0x000007fefb8fb000 	C:\Windows\system32\WINNSI.DLL
0x000007fef5570000 - 0x000007fef5695000 	C:\Windows\system32\dbghelp.dll

VM Arguments:
jvm_args: -Dfile.encoding=UTF-8 
java_command: com.retrieve.util.OilRuleExtract
Launcher Type: SUN_STANDARD

Environment Variables:
JAVA_HOME=F:\InstallationPackage\JDK\jdk1.8x64\jdk1.8x64Run
CLASSPATH=.;F:\InstallationPackage\JDK\jdk1.8x64\jdk1.8x64Run\lib;F:\InstallationPackage\JDK\jdk1.8x64\jdk1.8x64Run\lib\tools.jar
PATH=F:\InstallationPackage\JDK\jdk1.8x64\jdk1.8x64Run\bin;F:\InstallationPackage\JDK\jdk1.8x64\jdk1.8x64Run\jre\bin;C:\Windows\system32;C:\Windows;C:\Windows\System32\Wbem;C:\Windows\System32\WindowsPowerShell\v1.0\;ATALINA_HOME\lib;ATALINA_HOME\bin;C:\Program Files (x86)\Microsoft SQL Server\100\Tools\Binn\;C:\Program Files\Microsoft SQL Server\100\Tools\Binn\;C:\Program Files\Microsoft SQL Server\100\DTS\Binn\;C:\Program Files (x86)\Microsoft SQL Server\100\Tools\Binn\VSShell\Common7\IDE\;C:\Program Files (x86)\Microsoft Visual Studio 9.0\Common7\IDE\PrivateAssemblies\;C:\Program Files (x86)\Microsoft SQL Server\100\DTS\Binn\;C:\Program Files\Git\cmd;C:\Program Files\TortoiseGit\bin;C:\Users\Administrator\AppData\Local\Android\sdk\tools;C:\Users\Administrator\AppData\Local\Android\sdk\platform-tools;C:\Users\Administrator\AppData\Local\Programs\Python\Python36\Scripts\;C:\Users\Administrator\AppData\Local\Programs\Python\Python36\
USERNAME=Administrator
OS=Windows_NT
PROCESSOR_IDENTIFIER=Intel64 Family 6 Model 42 Stepping 7, GenuineIntel



---------------  S Y S T E M  ---------------

OS: Windows 7 , 64 bit Build 7601 Service Pack 1

CPU:total 4 (2 cores per cpu, 2 threads per core) family 6 model 42 stepping 7, cmov, cx8, fxsr, mmx, sse, sse2, sse3, ssse3, sse4.1, sse4.2, popcnt, avx, ht, tsc, tscinvbit

Memory: 4k page, physical 3756084k(67952k free), swap 15022476k(4948k free)

vm_info: Java HotSpot(TM) 64-Bit Server VM (23.7-b01) for windows-amd64 JRE (1.7.0_17-b02), built on Mar  1 2013 03:38:30 by "java_re" with unknown MS VC++:1600

time: Mon Dec 11 17:43:12 2017
elapsed time: 407 seconds

